<?xml version="1.0" encoding="UTF-8"?>
<!-- Generated by org.testng.reporters.JUnitReportReporter -->
<testsuite skipped="0" hostname="DESKTOP-JI70QVB" name="TestclasesPackage.TestCasesClass" tests="1" failures="0" timestamp="2021-06-29T17:00:10 IST" time="20.822" errors="0">
  <testcase name="TestOne" time="20.822" classname="TestclasesPackage.TestCasesClass"/>
  <system-out/>
</testsuite> <!-- TestclasesPackage.TestCasesClass -->
